<?xml version="1.0" encoding="UTF-8"?>
<!-- Generated by org.testng.reporters.JUnitReportReporter -->
<testsuite hostname="MAVBCP3186" failures="0" tests="2" name="mavenseleniumproject.Crossbrowser" time="31.522" errors="0" timestamp="2021-09-23T11:25:23 IST" skipped="0">
  <testcase classname="mavenseleniumproject.Crossbrowser" name="testParameterWithXML" time="16.383"/>
  <system-out/>
  <testcase classname="mavenseleniumproject.Crossbrowser" name="testParameterWithXML" time="15.139"/>
  <system-out/>
</testsuite> <!-- mavenseleniumproject.Crossbrowser -->
