<?xml version="1.0" encoding="UTF-8"?>
<!-- Generated by org.testng.reporters.JUnitReportReporter -->
<testsuite hostname="MAVBCP3186" failures="0" tests="2" name="mavenseleniumproject.Recruitment" time="194.835" errors="0" timestamp="2021-09-25T11:59:20 IST" skipped="0">
  <testcase classname="mavenseleniumproject.Recruitment" name="testParameterWithXML" time="98.856"/>
  <system-out/>
  <testcase classname="mavenseleniumproject.Recruitment" name="testParameterWithXML" time="95.979"/>
  <system-out/>
</testsuite> <!-- mavenseleniumproject.Recruitment -->
