<?xml version="1.0" encoding="UTF-8"?>
<!-- Generated by org.testng.reporters.JUnitReportReporter -->
<testsuite hostname="MAVBCP3186" failures="0" tests="2" name="mavenseleniumproject.Recorder" time="37.574" errors="0" timestamp="2021-09-28T10:54:59 IST" skipped="0">
  <testcase classname="mavenseleniumproject.Recorder" name="testParameterWithXML" time="18.016"/>
  <system-out/>
  <testcase classname="mavenseleniumproject.Recorder" name="testParameterWithXML" time="19.558"/>
  <system-out/>
</testsuite> <!-- mavenseleniumproject.Recorder -->
